lexema program, token(keyword, null)
lexema OperacionesBasicas, token(id, puntero-a-ts)
lexema var, token(id, puntero-a-ts)
lexema numero1, token(id, puntero-a-ts)
lexema numero2, token(id, puntero-a-ts)
lexema suma, token(id, puntero-a-ts)
lexema resta, token(id, puntero-a-ts)
lexema multiplicacion, token(id, puntero-a-ts)
lexema division, token(id, puntero-a-ts)
lexema real, token(id, puntero-a-ts)
lexema begin, token(keyword, null)
Error: digit not recognized.
lexema Solicitar, token(id, puntero-a-ts)
lexema al, token(id, puntero-a-ts)
lexema usuario, token(id, puntero-a-ts)
lexema ingresar, token(id, puntero-a-ts)
lexema dos, token(id, puntero-a-ts)
lexema n√∫meros, token(id, puntero-a-ts)
lexema writeln, token(id, puntero-a-ts)
lexema Ingrese, token(id, puntero-a-ts)
lexema el, token(id, puntero-a-ts)
lexema primer, token(id, puntero-a-ts)
lexema n√∫mero, token(id, puntero-a-ts)
lexema ;, token(puntoComa, null)
lexema readln, token(id, puntero-a-ts)
lexema numero1, token(id, puntero-a-ts)
lexema ;, token(puntoComa, null)
lexema writeln, token(id, puntero-a-ts)
lexema Ingrese, token(id, puntero-a-ts)
lexema el, token(id, puntero-a-ts)
lexema segundo, token(id, puntero-a-ts)
lexema n√∫mero, token(id, puntero-a-ts)
lexema ;, token(puntoComa, null)
lexema readln, token(id, puntero-a-ts)
lexema numero2, token(id, puntero-a-ts)
lexema ;, token(puntoComa, null)
Error: digit not recognized.
lexema Realizar, token(id, puntero-a-ts)
lexema operaciones, token(id, puntero-a-ts)
lexema b√, token(id, puntero-a-ts)
lexema sicas, token(id, puntero-a-ts)
lexema suma, token(id, puntero-a-ts)
lexema :=, token(asignacion, null)
lexema numero1, token(id, puntero-a-ts)
lexema +, token(operadorAritmetico, suma)
lexema numero2, token(id, puntero-a-ts)
lexema resta, token(id, puntero-a-ts)
lexema :=, token(asignacion, null)
lexema numero1, token(id, puntero-a-ts)
lexema -, token(operadorAritmetico, resta)
lexema numero2, token(id, puntero-a-ts)
lexema multiplicacion, token(id, puntero-a-ts)
lexema :=, token(asignacion, null)
lexema numero1, token(id, puntero-a-ts)
lexema numero2, token(id, puntero-a-ts)
Error: digit not recognized.
lexema Verificar, token(id, puntero-a-ts)
lexema divisi√≥n, token(id, puntero-a-ts)
lexema por, token(id, puntero-a-ts)
lexema cero, token(id, puntero-a-ts)
lexema if, token(keyword, null)
lexema numero2, token(id, puntero-a-ts)
lexema <>, token(operadorRelacional, distinto)
lexema 0, token(enteroDato, null)
lexema then, token(keyword, null)
lexema division, token(id, puntero-a-ts)
lexema :=, token(asignacion, null)
lexema numero1, token(id, puntero-a-ts)
lexema numero2, token(id, puntero-a-ts)
lexema else, token(keyword, null)
lexema writeln, token(id, puntero-a-ts)
lexema Error, token(id, puntero-a-ts)
lexema No, token(id, puntero-a-ts)
lexema se, token(id, puntero-a-ts)
lexema puede, token(id, puntero-a-ts)
lexema dividir, token(id, puntero-a-ts)
lexema por, token(id, puntero-a-ts)
lexema cero, token(id, puntero-a-ts)
lexema ;, token(puntoComa, null)
Error: digit not recognized.
lexema Mostrar, token(id, puntero-a-ts)
lexema resultados, token(id, puntero-a-ts)
lexema writeln, token(id, puntero-a-ts)
lexema Suma, token(id, puntero-a-ts)
lexema ,, token(coma, null)
lexema suma, token(id, puntero-a-ts)
lexema 0, token(enteroDato, null)
lexema 2, token(enteroDato, null)
lexema ;, token(puntoComa, null)
lexema writeln, token(id, puntero-a-ts)
lexema Resta, token(id, puntero-a-ts)
lexema ,, token(coma, null)
lexema resta, token(id, puntero-a-ts)
lexema 0, token(enteroDato, null)
lexema 2, token(enteroDato, null)
lexema ;, token(puntoComa, null)
lexema writeln, token(id, puntero-a-ts)
lexema Multiplicaci√≥n, token(id, puntero-a-ts)
lexema ,, token(coma, null)
lexema multiplicacion, token(id, puntero-a-ts)
lexema 0, token(enteroDato, null)
lexema 2, token(enteroDato, null)
lexema ;, token(puntoComa, null)
lexema if, token(keyword, null)
lexema numero2, token(id, puntero-a-ts)
lexema <>, token(operadorRelacional, distinto)
lexema 0, token(enteroDato, null)
lexema then, token(keyword, null)
lexema writeln, token(id, puntero-a-ts)
lexema Divisi√≥n, token(id, puntero-a-ts)
lexema ,, token(coma, null)
lexema division, token(id, puntero-a-ts)
lexema 0, token(enteroDato, null)
lexema 2, token(enteroDato, null)
lexema ;, token(puntoComa, null)
lexema readln, token(id, puntero-a-ts)
Error: digit not recognized.
lexema Esperar, token(id, puntero-a-ts)
lexema a, token(id, puntero-a-ts)
lexema que, token(id, puntero-a-ts)
lexema el, token(id, puntero-a-ts)
lexema usuario, token(id, puntero-a-ts)
lexema presione, token(id, puntero-a-ts)
lexema Enter, token(id, puntero-a-ts)
lexema para, token(id, puntero-a-ts)
lexema salir, token(id, puntero-a-ts)
lexema end, token(keyword, null)
lexema ., token(punto, null)
